<?xml version="1.0" encoding="UTF-8"?>
<!-- Generated by org.testng.reporters.JUnitXMLReporter -->
<testsuite ignored="0" hostname="RajeshKibb" failures="0" tests="6" name="Default test" time="277.754" errors="0" timestamp="2024-06-26T19:21:30 IST">
  <testcase classname="Login.Login" name="cred" time="1.616"/>
  <testcase classname="Login.Login" name="Selectcompany" time="2.981"/>
  <testcase classname="Login.Login" name="Tripss" time="1.214"/>
  <testcase classname="Login.Login" name="CheckBox" time="26.3"/>
  <testcase classname="Login.Login" name="log" time="1.01"/>
  <testcase classname="Login.Login" name="openurl" time="208.593"/>
</testsuite> <!-- Default test -->
