<?xml version="1.0" encoding="UTF-8"?>
<!-- Generated by org.testng.reporters.JUnitXMLReporter -->
<testsuite ignored="1" hostname="RajeshKibb" failures="0" tests="5" name="Test" time="75.445" errors="0" timestamp="2024-06-26T19:33:17 IST">
  <testcase classname="Login.Login" name="cred" time="0.613"/>
  <testcase classname="Login.Login" name="Selectcompany" time="3.259"/>
  <testcase classname="Login.Login" name="Tripss" time="1.127"/>
  <testcase classname="Login.Login" name="CheckBox" time="20.977"/>
  <testcase classname="Login.Login" name="log" time="0.394"/>
  <testcase classname="Login.Login" name="openurl" time="0.0">
    <ignored/>
  </testcase> <!-- openurl -->
</testsuite> <!-- Test -->
